<?xml version="1.0" encoding="UTF-8"?>
<!-- Generated by org.testng.reporters.JUnitXMLReporter -->
<testsuite hostname="LAPTOP-A4V8P9Q7" name="Smoke" tests="4" failures="0" timestamp="9 Sep 2020 10:59:00 GMT" time="0.065" errors="0">
  <testcase name="IOSApps" time="0.031" classname="qaclickacademy.Mavenjava.AppiumTest"/>
  <testcase name="NativeAppAndriod" time="0.0" classname="qaclickacademy.Mavenjava.AppiumTest"/>
  <testcase name="BrowserAutomation" time="0.0" classname="qaclickacademy.Mavenjava.SeleniumTest"/>
  <testcase name="elementUi" time="0.0" classname="qaclickacademy.Mavenjava.SeleniumTest"/>
</testsuite> <!-- Smoke -->
