<?xml version="1.0" encoding="UTF-8"?>
<!-- Generated by org.testng.reporters.JUnitXMLReporter -->
<testsuite hostname="LAPTOP-A4V8P9Q7" name="Test" tests="4" failures="0" timestamp="8 Sep 2020 23:14:37 GMT" time="0.042" errors="0">
  <testcase name="IOSApps" time="0.017" classname="qaclickacademy.Mavenjava.AppiumTest"/>
  <testcase name="NativeAppAndriod" time="0.001" classname="qaclickacademy.Mavenjava.AppiumTest"/>
  <testcase name="BrowserAutomation" time="0.0" classname="qaclickacademy.Mavenjava.SeleniumTest"/>
  <testcase name="elementUi" time="0.0" classname="qaclickacademy.Mavenjava.SeleniumTest"/>
</testsuite> <!-- Test -->
