<?xml version="1.0" encoding="UTF-8"?>
<testng-results skipped="0" failed="0" total="4" passed="4">
  <reporter-output>
  </reporter-output>
  <suite name="Suite" duration-ms="65" started-at="2020-09-09T10:58:59Z" finished-at="2020-09-09T10:59:00Z">
    <groups>
    </groups>
    <test name="Smoke" duration-ms="65" started-at="2020-09-09T10:58:59Z" finished-at="2020-09-09T10:59:00Z">
      <class name="qaclickacademy.Mavenjava.AppiumTest">
        <test-method status="PASS" signature="IOSApps()[pri:0, instance:qaclickacademy.Mavenjava.AppiumTest@7fe8ea47]" name="IOSApps" duration-ms="31" started-at="2020-09-09T16:28:59Z" finished-at="2020-09-09T16:29:00Z">
          <reporter-output>
          </reporter-output>
        </test-method> <!-- IOSApps -->
        <test-method status="PASS" signature="NativeAppAndriod()[pri:0, instance:qaclickacademy.Mavenjava.AppiumTest@7fe8ea47]" name="NativeAppAndriod" duration-ms="0" started-at="2020-09-09T16:29:00Z" finished-at="2020-09-09T16:29:00Z">
          <reporter-output>
          </reporter-output>
        </test-method> <!-- NativeAppAndriod -->
      </class> <!-- qaclickacademy.Mavenjava.AppiumTest -->
      <class name="qaclickacademy.Mavenjava.SeleniumTest">
        <test-method status="PASS" signature="BrowserAutomation()[pri:0, instance:qaclickacademy.Mavenjava.SeleniumTest@58c1c010]" name="BrowserAutomation" duration-ms="0" started-at="2020-09-09T16:29:00Z" finished-at="2020-09-09T16:29:00Z">
          <reporter-output>
          </reporter-output>
        </test-method> <!-- BrowserAutomation -->
        <test-method status="PASS" signature="elementUi()[pri:0, instance:qaclickacademy.Mavenjava.SeleniumTest@58c1c010]" name="elementUi" duration-ms="0" started-at="2020-09-09T16:29:00Z" finished-at="2020-09-09T16:29:00Z">
          <reporter-output>
          </reporter-output>
        </test-method> <!-- elementUi -->
      </class> <!-- qaclickacademy.Mavenjava.SeleniumTest -->
    </test> <!-- Smoke -->
  </suite> <!-- Suite -->
</testng-results>
