<?xml version="1.0" encoding="UTF-8"?>
<!-- Generated by org.testng.reporters.JUnitReportReporter -->
<testsuite hostname="LAPTOP-A4V8P9Q7" name="qaclickacademy.Mavenjava.SeleniumTest" tests="2" failures="0" timestamp="9 Sep 2020 10:59:00 GMT" time="0.000" errors="0">
  <testcase name="BrowserAutomation" time="0.000" classname="qaclickacademy.Mavenjava.SeleniumTest"/>
  <testcase name="elementUi" time="0.000" classname="qaclickacademy.Mavenjava.SeleniumTest"/>
</testsuite> <!-- qaclickacademy.Mavenjava.SeleniumTest -->
