<?xml version="1.0" encoding="UTF-8"?>
<!-- Generated by org.testng.reporters.JUnitReportReporter -->
<testsuite hostname="LAPTOP-A4V8P9Q7" name="qaclickacademy.Mavenjava.AppiumTest" tests="2" failures="0" timestamp="9 Sep 2020 10:59:00 GMT" time="0.031" errors="0">
  <testcase name="IOSApps" time="0.031" classname="qaclickacademy.Mavenjava.AppiumTest"/>
  <testcase name="NativeAppAndriod" time="0.000" classname="qaclickacademy.Mavenjava.AppiumTest"/>
</testsuite> <!-- qaclickacademy.Mavenjava.AppiumTest -->
