<?xml version="1.0" encoding="UTF-8"?>
<!-- Generated by org.testng.reporters.JUnitReportReporter -->
<testsuite hostname="LAPTOP-A4V8P9Q7" name="qaclickacademy.Mavenjava.RestAPITest" tests="2" failures="0" timestamp="9 Sep 2020 10:58:09 GMT" time="0.017" errors="0">
  <testcase name="deleteTwitter" time="0.017" classname="qaclickacademy.Mavenjava.RestAPITest"/>
  <testcase name="postJira" time="0.000" classname="qaclickacademy.Mavenjava.RestAPITest"/>
</testsuite> <!-- qaclickacademy.Mavenjava.RestAPITest -->
